---------------------------------------------------------------------------------
      name:  <unnamed>
       log:  /Users/richard/Desktop/ec970/RichardOuyang_project.log
  log type:  text
 opened on:  25 Mar 2017, 16:21:35

. 
. * do RichardOuyang_PUFclean.do

. 
. * do RichardOuyang_aggregateclean.do

. 
. * do RichardOuyang_PUFcombine.do

. 
. * do RichardOuyang_aggregatecombine.do

. 
. ***** AGGREGATE *****

. 
. use aggregate, clear

. 
. eststo clear

. 
. gen average_medicare_allowed_amt = total_medicare_allowed_amt / total_services

. label variable average_medicare_allowed_amt "Average Medicare allowed amount"

. 
. eststo: reg average_medicare_allowed_amt total_services total_unique_benes bene
> ficiary_average_age beneficiary_female_count beneficiary_average_risk_score i.n
> ppes_entity_code i.nppes_provider_gender i.nppes_provider_state i.year, r
note: 1.nppes_entity_code omitted because of collinearity

Linear regression                               Number of obs     =  2,400,166
                                                F(66, 2400099)    =    1637.93
                                                Prob > F          =     0.0000
                                                R-squared         =     0.0876
                                                Root MSE          =     68.533

--------------------------------------------------------------------------------
               |               Robust
average_medi~t |      Coef.   Std. Err.      t    P>|t|     [95% Conf. Interval]
---------------+----------------------------------------------------------------
total_services |  -.0006497   .0000427   -15.23   0.000    -.0007333   -.0005661
total_unique~s |  -.0032623   .0019258    -1.69   0.090    -.0070368    .0005121
beneficiary~ge |   .2332122   .0259913     8.97   0.000     .1822701    .2841542
be~emale_count |  -.0196804   .0018985   -10.37   0.000    -.0234014   -.0159594
beneficiary~re |   20.36953   .1322377   154.04   0.000     20.11035    20.62871
               |
nppes_entity~e |
            I  |          0  (omitted)
               |
nppes_provid~r |
            M  |   18.08784   .2976902    60.76   0.000     17.50438     18.6713
               |
nppes_provid~e |
           AE  |    -28.863    17.5336    -1.65   0.100    -63.22824    5.502244
           AK  |   1.832915   17.11059     0.11   0.915    -31.70324    35.36907
           AL  |  -27.78074   17.06171    -1.63   0.103    -61.22109    5.659615
           AP  |   7.514168   19.37631     0.39   0.698    -30.46273    45.49106
           AR  |  -25.03718   17.06518    -1.47   0.142    -58.48433    8.409974
           AS  |  -65.08551   19.99486    -3.26   0.001    -104.2747   -25.89628
           AZ  |  -20.41762   17.06349    -1.20   0.231    -53.86145    13.02622
           CA  |  -16.16584   17.06189    -0.95   0.343    -49.60655    17.27486
           CO  |  -18.60429   17.06507    -1.09   0.276    -52.05123    14.84265
           CT  |  -22.99241   17.06394    -1.35   0.178    -56.43714    10.45232
           DC  |  -7.362728   17.08683    -0.43   0.667    -40.85231    26.12686
           DE  |   -22.9953   17.06894    -1.35   0.178    -56.44982    10.45922
           FL  |  -14.91755   17.06028    -0.87   0.382    -48.35511       18.52
           GA  |  -25.53909   17.06096    -1.50   0.134    -58.97797    7.899788
           GU  |    -31.738   17.24682    -1.84   0.066    -65.54115    2.065158
           HI  |  -20.56503   17.07766    -1.20   0.229    -54.03665    12.90658
           IA  |  -33.05035   17.06384    -1.94   0.053    -66.49488    .3941812
           ID  |  -25.54074    17.0752    -1.50   0.135    -59.00753    7.926053
           IL  |  -20.93447     17.061    -1.23   0.220    -54.37343    12.50449
           IN  |  -27.41316   17.06123    -1.61   0.108    -60.85258    6.026251
           KS  |  -26.43925   17.06427    -1.55   0.121    -59.88462    7.006117
           KY  |   -30.6415   17.06183    -1.80   0.073    -64.08209    2.799086
           LA  |   -26.1145   17.07161    -1.53   0.126    -59.57425     7.34525
           MA  |   -21.1062   17.06166    -1.24   0.216    -54.54646    12.33405
           MD  |  -13.05795    17.0628    -0.77   0.444    -46.50044    20.38455
           ME  |   -27.3556   17.06683    -1.60   0.109    -60.80599    6.094795
           MI  |  -25.62953   17.06139    -1.50   0.133    -59.06926    7.810209
           MN  |  -30.74259   17.06771    -1.80   0.072     -64.1947    2.709517
           MO  |  -22.49649   17.06206    -1.32   0.187    -55.93753    10.94455
           MP  |  -40.67708   17.68871    -2.30   0.021    -75.34634   -6.007824
           MS  |  -31.28642    17.0632    -1.83   0.067     -64.7297    2.156859
           MT  |  -23.01382   17.07858    -1.35   0.178    -56.48725    10.45961
           NC  |  -27.67757   17.06032    -1.62   0.105     -61.1152     5.76007
           ND  |  -29.29908   17.07456    -1.72   0.086    -62.76463    4.166462
           NE  |  -32.08769   17.06667    -1.88   0.060    -65.53778    1.362387
           NH  |  -19.84597   17.06793    -1.16   0.245    -53.29852    13.60658
           NJ  |  -21.95981   17.06142    -1.29   0.198     -55.3996    11.47998
           NM  |  -26.03595   17.06842    -1.53   0.127    -59.48945    7.417552
           NV  |  -17.18742   17.06761    -1.01   0.314    -50.63933    16.26449
           NY  |  -21.90968   17.06238    -1.28   0.199    -55.35136    11.53199
           OH  |  -26.51332   17.06142    -1.55   0.120     -59.9531    6.926472
           OK  |  -27.67116   17.06344    -1.62   0.105     -61.1149    5.772575
           OR  |    -22.462    17.0709    -1.32   0.188    -55.92036    10.99637
           PA  |  -24.91728   17.06202    -1.46   0.144    -58.35824     8.52368
           PR  |  -43.43344   17.07661    -2.54   0.011    -76.90299   -9.963882
           RI  |   -23.0341   17.06903    -1.35   0.177     -56.4888    10.42061
           SC  |   -29.0238   17.06146    -1.70   0.089    -62.46366    4.416064
           SD  |  -31.91471     17.072    -1.87   0.062    -65.37522    1.545805
           TN  |  -28.39482   17.06118    -1.66   0.096    -61.83414    5.044499
           TX  |  -22.89758    17.0609    -1.34   0.180    -56.33635    10.54118
           UT  |  -18.61193   17.07268    -1.09   0.276    -52.07379    14.84993
           VA  |  -23.98923   17.06091    -1.41   0.160    -57.42801    9.449558
           VI  |  -15.67923    17.2323    -0.91   0.363    -49.45392    18.09547
           VT  |   -27.5249   17.08152    -1.61   0.107    -61.00408    5.954268
           WA  |  -22.24685   17.06514    -1.30   0.192    -55.69392    11.20022
           WI  |  -32.69951   17.06324    -1.92   0.055    -66.14286    .7438303
           WV  |  -28.46675   17.06419    -1.67   0.095    -61.91197    4.978466
           WY  |  -26.58891   17.08717    -1.56   0.120    -60.07918    6.901353
               |
          year |
         2013  |   1.492391   .1058407    14.10   0.000     1.284947    1.699835
         2014  |    3.79142   .1100117    34.46   0.000       3.5758    4.007039
               |
         _cons |   58.58191   17.12276     3.42   0.001      25.0219    92.14192
--------------------------------------------------------------------------------
(est1 stored)

. 
. gen average_submitted_chrg_amt = total_submitted_chrg_amt / total_services

. label variable average_submitted_chrg_amt "Average submitted charge amount"

. 
. eststo: reg average_submitted_chrg_amt total_services total_unique_benes benefi
> ciary_average_age beneficiary_female_count beneficiary_average_risk_score i.npp
> es_entity_code i.nppes_provider_gender i.nppes_provider_state i.year, r
note: 1.nppes_entity_code omitted because of collinearity

Linear regression                               Number of obs     =  2,400,166
                                                F(66, 2400099)    =     989.93
                                                Prob > F          =     0.0000
                                                R-squared         =     0.0496
                                                Root MSE          =     441.93

--------------------------------------------------------------------------------
               |               Robust
average_subm~t |      Coef.   Std. Err.      t    P>|t|     [95% Conf. Interval]
---------------+----------------------------------------------------------------
total_services |  -.0027911   .0001913   -14.59   0.000     -.003166   -.0024162
total_unique~s |   -.008286   .0088025    -0.94   0.347    -.0255386    .0089667
beneficiary~ge |  -1.079169   .1198414    -9.00   0.000    -1.314054   -.8442837
be~emale_count |  -.1048061   .0086893   -12.06   0.000    -.1218368   -.0877753
beneficiary~re |   97.10395   .6949434   139.73   0.000     95.74188    98.46601
               |
nppes_entity~e |
            I  |          0  (omitted)
               |
nppes_provid~r |
            M  |   61.99046   1.433376    43.25   0.000     59.18109    64.79983
               |
nppes_provid~e |
           AE  |  -41.73783   96.79003    -0.43   0.666    -231.4429    147.9672
           AK  |   10.31309    87.0469     0.12   0.906    -160.2958     180.922
           AL  |  -171.4152   86.16935    -1.99   0.047    -340.3041   -2.526326
           AP  |   237.0072   172.4867     1.37   0.169    -101.0607    575.0751
           AR  |  -194.8269   86.17579    -2.26   0.024    -363.7284   -25.92536
           AS  |  -245.6802   157.9179    -1.56   0.120    -555.1938    63.83343
           AZ  |  -190.2451   86.17186    -2.21   0.027    -359.1389   -21.35124
           CA  |  -173.5092   86.16173    -2.01   0.044    -342.3832   -4.635209
           CO  |  -146.2386   86.18951    -1.70   0.090     -315.167    22.68984
           CT  |  -158.9406   86.18511    -1.84   0.065    -327.8604    9.979201
           DC  |   -165.876   86.26961    -1.92   0.055    -334.9614    3.209402
           DE  |   -159.202   86.26125    -1.85   0.065     -328.271    9.867063
           FL  |   -120.946    86.1595    -1.40   0.160    -289.8156    47.92363
           GA  |  -148.7946    86.1665    -1.73   0.084    -317.6779    20.08873
           GU  |  -326.6154       86.8    -3.76   0.000    -496.7403   -156.4904
           HI  |  -221.3795   86.25088    -2.57   0.010    -390.4282   -52.33079
           IA  |  -199.1077   86.17687    -2.31   0.021    -368.0113   -30.20402
           ID  |  -198.2088   86.22707    -2.30   0.022    -367.2109   -29.20681
           IL  |  -137.0307   86.16527    -1.59   0.112    -305.9116    31.85023
           IN  |  -187.1535   86.16432    -2.17   0.030    -356.0326    -18.2745
           KS  |  -201.2724   86.17401    -2.34   0.020    -370.1704   -32.37432
           KY  |  -204.6023   86.16564    -2.37   0.018     -373.484    -35.7207
           LA  |  -158.4057   86.17732    -1.84   0.066    -327.3102    10.49882
           MA  |  -167.8356   86.16309    -1.95   0.051    -336.7122    1.041051
           MD  |  -171.3013   86.16821    -1.99   0.047     -340.188   -2.414617
           ME  |  -208.1912   86.18861    -2.42   0.016    -377.1179   -39.26458
           MI  |  -211.4558   86.16076    -2.45   0.014    -380.3279   -42.58375
           MN  |  -211.4953   86.17554    -2.45   0.014    -380.3963   -42.59422
           MO  |  -173.3068   86.16554    -2.01   0.044    -342.1882   -4.425328
           MP  |  -271.8085   93.13828    -2.92   0.004    -454.3563   -89.26072
           MS  |  -184.3221   86.17532    -2.14   0.032    -353.2227   -15.42152
           MT  |  -209.7435   86.22484    -2.43   0.015    -378.7411    -40.7458
           NC  |  -141.5552   86.16253    -1.64   0.100    -310.4307    27.32036
           ND  |  -204.6375   86.21986    -2.37   0.018    -373.6254   -35.64964
           NE  |  -206.5629   86.18635    -2.40   0.017    -375.4851   -37.64064
           NH  |  -120.8894   86.25239    -1.40   0.161    -289.9411    48.16228
           NJ  |  -128.2227   86.18774    -1.49   0.137    -297.1477    40.70223
           NM  |  -194.4292   86.20109    -2.26   0.024    -363.3803   -25.47805
           NV  |  -144.4927    86.2151    -1.68   0.094    -313.4712    24.48592
           NY  |  -147.7196   86.17017    -1.71   0.086    -316.6101    21.17094
           OH  |  -196.3857   86.16207    -2.28   0.023    -365.2604   -27.51111
           OK  |  -203.7492   86.17242    -2.36   0.018    -372.6441   -34.85424
           OR  |  -164.3428   86.19102    -1.91   0.057    -333.2742    4.588575
           PA  |  -178.5522   86.16446    -2.07   0.038    -347.4315   -9.672861
           PR  |  -401.4834   86.21871    -4.66   0.000     -570.469   -232.4977
           RI  |  -225.5988    86.1963    -2.62   0.009    -394.5405   -56.65703
           SC  |  -121.1166   86.18474    -1.41   0.160    -290.0357    47.80243
           SD  |  -188.8111   86.25546    -2.19   0.029    -357.8688   -19.75342
           TN  |  -150.3056   86.16463    -1.74   0.081    -319.1853    18.57406
           TX  |  -117.0319   86.16117    -1.36   0.174    -285.9048    51.84099
           UT  |  -185.3395    86.2037    -2.15   0.032    -354.2957   -16.38324
           VA  |  -169.6182   86.16412    -1.97   0.049    -338.4969   -.7395829
           VI  |  -228.4753   86.85326    -2.63   0.009    -398.7047   -58.24598
           VT  |  -150.4707   86.39611    -1.74   0.082    -319.8041    18.86263
           WA  |  -190.3219   86.17184    -2.21   0.027    -359.2156   -21.42806
           WI  |  -34.46577   86.21958    -0.40   0.689    -203.4531    134.5216
           WV  |   -198.542   86.17995    -2.30   0.021    -367.4517   -29.63236
           WY  |  -190.7444   86.32252    -2.21   0.027    -359.9335   -21.55527
               |
          year |
         2013  |    15.5736    .684993    22.74   0.000     14.23104    16.91616
         2014  |   29.33734   .6985787    42.00   0.000     27.96815    30.70653
               |
         _cons |   373.9414   86.41745     4.33   0.000     204.5662    543.3165
--------------------------------------------------------------------------------
(est2 stored)

. 
. gen average_medicare_payment_amt = total_medicare_payment_amt / total_services

. label variable average_medicare_payment_amt "Average Medicare payment amount"

. 
. eststo: reg average_medicare_payment_amt total_services total_unique_benes bene
> ficiary_average_age beneficiary_female_count beneficiary_average_risk_score i.n
> ppes_entity_code i.nppes_provider_gender i.nppes_provider_state i.year, r
note: 1.nppes_entity_code omitted because of collinearity

Linear regression                               Number of obs     =  2,400,166
                                                F(66, 2400099)    =    1742.80
                                                Prob > F          =     0.0000
                                                R-squared         =     0.0903
                                                Root MSE          =     53.835

--------------------------------------------------------------------------------
               |               Robust
average_~t_amt |      Coef.   Std. Err.      t    P>|t|     [95% Conf. Interval]
---------------+----------------------------------------------------------------
total_services |  -.0004926   .0000325   -15.16   0.000    -.0005564   -.0004289
total_unique~s |  -.0036819   .0014799    -2.49   0.013    -.0065824   -.0007814
beneficiary~ge |   .2699402   .0199362    13.54   0.000     .2308659    .3090144
be~emale_count |  -.0131144    .001468    -8.93   0.000    -.0159916   -.0102372
beneficiary~re |   16.97204   .1027674   165.15   0.000     16.77062    17.17346
               |
nppes_entity~e |
            I  |          0  (omitted)
               |
nppes_provid~r |
            M  |   13.89085   .2283396    60.83   0.000     13.44332    14.33839
               |
nppes_provid~e |
           AE  |  -22.77368   13.57617    -1.68   0.093     -49.3825    3.835144
           AK  |  -.4055603   13.23651    -0.03   0.976    -26.34865    25.53753
           AL  |  -22.43626    13.1979    -1.70   0.089    -48.30368    3.431166
           AP  |   5.530097    15.1098     0.37   0.714    -24.08458    35.14477
           AR  |   -20.5352   13.20066    -1.56   0.120    -46.40803    5.337631
           AS  |  -61.66698   20.16046    -3.06   0.002    -101.1808   -22.15319
           AZ  |  -16.89469   13.19929    -1.28   0.201    -42.76484    8.975462
           CA  |  -13.70485   13.19801    -1.04   0.299    -39.57248    12.16277
           CO  |  -15.38869   13.20054    -1.17   0.244    -41.26129     10.4839
           CT  |    -18.752   13.19964    -1.42   0.155    -44.62284    7.118832
           DC  |  -6.801457   13.21782    -0.51   0.607    -32.70793    19.10501
           DE  |  -18.80904   13.20372    -1.42   0.154    -44.68787    7.069792
           FL  |  -12.50471    13.1968    -0.95   0.343    -38.36997    13.36055
           GA  |  -20.70979   13.19731    -1.57   0.117    -46.57607    5.156481
           GU  |  -28.55763   13.33764    -2.14   0.032    -54.69893   -2.416335
           HI  |  -19.55366   13.21014    -1.48   0.139    -45.44508    6.337752
           IA  |  -26.83799   13.19961    -2.03   0.042    -52.70875   -.9672259
           ID  |  -20.89907   13.20858    -1.58   0.114    -46.78743    4.989297
           IL  |  -17.43161   13.19734    -1.32   0.187    -43.29794     8.43472
           IN  |  -22.64334   13.19756    -1.72   0.086     -48.5101    3.223412
           KS  |   -21.7773   13.19994    -1.65   0.099    -47.64872    4.094128
           KY  |  -24.43715   13.19803    -1.85   0.064    -50.30482    1.430522
           LA  |  -21.27143   13.20576    -1.61   0.107    -47.15426      4.6114
           MA  |  -17.25903   13.19785    -1.31   0.191    -43.12636    8.608306
           MD  |  -11.21784   13.19877    -0.85   0.395    -37.08698    14.65129
           ME  |  -22.01786   13.20201    -1.67   0.095    -47.89334    3.857622
           MI  |  -20.97915   13.19764    -1.59   0.112    -46.84606     4.88776
           MN  |  -24.82113   13.20261    -1.88   0.060    -50.69777    1.055517
           MO  |  -18.53185   13.19819    -1.40   0.160    -44.39985     7.33615
           MP  |  -36.68588    13.7081    -2.68   0.007    -63.55328   -9.818482
           MS  |  -25.12981   13.19908    -1.90   0.057    -50.99954    .7399202
           MT  |  -19.02165   13.21138    -1.44   0.150     -44.9155    6.872202
           NC  |  -22.31048   13.19683    -1.69   0.091     -48.1758    3.554842
           ND  |  -23.94735   13.20816    -1.81   0.070    -49.83487    1.940174
           NE  |  -25.83388   13.20185    -1.96   0.050    -51.70904    .0412746
           NH  |  -16.40318    13.2029    -1.24   0.214    -42.28041    9.474052
           NJ  |  -17.80679   13.19767    -1.35   0.177    -43.67376    8.060182
           NM  |  -21.78619   13.20323    -1.65   0.099    -47.66406    4.091685
           NV  |   -14.9742   13.20257    -1.13   0.257    -40.85078    10.90238
           NY  |  -17.72588   13.19838    -1.34   0.179    -43.59425    8.142489
           OH  |   -21.7794   13.19766    -1.65   0.099    -47.64635     4.08755
           OK  |   -22.7864   13.19929    -1.73   0.084    -48.65655    3.083759
           OR  |  -18.72919   13.20511    -1.42   0.156    -44.61075    7.152369
           PA  |  -20.37218    13.1981    -1.54   0.123       -46.24     5.49564
           PR  |   -36.3762    13.2093    -2.75   0.006    -62.26597   -10.48643
           RI  |  -18.82475   13.20366    -1.43   0.154    -44.70347    7.053966
           SC  |  -23.39433   13.19772    -1.77   0.076     -49.2614    2.472752
           SD  |  -25.69748   13.20607    -1.95   0.052    -51.58091    .1859425
           TN  |  -22.80985   13.19749    -1.73   0.084    -48.67647    3.056775
           TX  |  -18.87313   13.19726    -1.43   0.153    -44.73929    6.993041
           UT  |  -16.06489   13.20643    -1.22   0.224    -41.94903    9.819247
           VA  |  -19.78189   13.19728    -1.50   0.134    -45.64809    6.084316
           VI  |  -16.31222   13.32385    -1.22   0.221    -42.42651    9.802067
           VT  |  -22.61038   13.21357    -1.71   0.087    -48.50851    3.287755
           WA  |  -18.62715   13.20056    -1.41   0.158    -44.49978    7.245477
           WI  |  -26.41646   13.19907    -2.00   0.045    -52.28616   -.5467471
           WV  |  -23.19903   13.19991    -1.76   0.079    -49.07039    2.672337
           WY  |  -21.86747   13.21823    -1.65   0.098    -47.77474    4.039802
               |
          year |
         2013  |   .0491472   .0835664     0.59   0.556      -.11464    .2129344
         2014  |   1.891173   .0865813    21.84   0.000     1.721477    2.060869
               |
         _cons |   37.34351   13.24442     2.82   0.005     11.38491    63.30211
--------------------------------------------------------------------------------
(est3 stored)

. 
. estwide using RichardOuyang_aggregate1.tex, se nocons star label title("Average
>  Medicare Payment Amount over Time, by Provider\label{table:aggregate1}") bookt
> abs replace keep(*.year) b(a3) nonotes
(output written to RichardOuyang_aggregate1.tex)

. 
. ***** END AGGREGATE *****

. 
. ***** PUF *****

. 
. use PUF, clear

. 
. eststo clear

. 
. eststo: reg average_medicare_allowed_amt line_srvc_cnt bene_unique_cnt bene_day
> _srvc_cnt i.place_of_service i.nppes_entity_code i.nppes_provider_gender i.nppe
> s_provider_state i.provider_type i.year, r
note: 1.nppes_entity_code omitted because of collinearity

Linear regression                               Number of obs     =   26555364
                                                F(149,26555214)   =   30154.44
                                                Prob > F          =     0.0000
                                                R-squared         =     0.0783
                                                Root MSE          =     182.94

--------------------------------------------------------------------------------
               |               Robust
average_~d_amt |      Coef.   Std. Err.      t    P>|t|     [95% Conf. Interval]
---------------+----------------------------------------------------------------
 line_srvc_cnt |    -.00138   .0001926    -7.16   0.000    -.0017575   -.0010024
bene_unique_~t |  -.0672823    .004413   -15.25   0.000    -.0759317    -.058633
bene_day_srv~t |   .0089619   .0035383     2.53   0.011     .0020269    .0158968
               |
place_of_ser~e |
            O  |  -41.63592   .1161067  -358.60   0.000    -41.86349   -41.40836
               |
nppes_entity~e |
            I  |          0  (omitted)
               |
nppes_provid~r |
            M  |   5.612519     .07858    71.42   0.000     5.458505    5.766533
               |
nppes_provid~e |
           AE  |   23.72302   4.436322     5.35   0.000     15.02799    32.41805
           AK  |   49.48423   3.161846    15.65   0.000     43.28712    55.68133
           AL  |    22.4181   3.028444     7.40   0.000     16.48245    28.35374
           AP  |   27.97216    5.42308     5.16   0.000     17.34312     38.6012
           AR  |   21.02184   3.033787     6.93   0.000     15.07572    26.96795
           AS  |   19.16682   8.435764     2.27   0.023     2.633023    35.70061
           AZ  |   44.00043   3.033962    14.50   0.000     38.05398    49.94689
           CA  |    46.9374   3.026255    15.51   0.000     41.00605    52.86875
           CO  |   31.19901   3.032964    10.29   0.000     25.25451    37.14351
           CT  |    33.3459   3.033287    10.99   0.000     27.40076    39.29103
           DC  |   43.98665   3.091115    14.23   0.000     37.92818    50.04513
           DE  |   37.40746   3.062599    12.21   0.000     31.40488    43.41004
           FL  |    48.1226   3.026997    15.90   0.000     42.18979     54.0554
           GA  |   28.07056   3.028461     9.27   0.000     22.13488    34.00623
           GU  |   48.47812   3.883393    12.48   0.000     40.86681    56.08943
           HI  |   30.69706   3.115353     9.85   0.000     24.59108    36.80304
           IA  |     18.421   3.030406     6.08   0.000     12.48152    24.36049
           ID  |    20.5732   3.045963     6.75   0.000     14.60323    26.54318
           IL  |   33.67217   3.026091    11.13   0.000     27.74114     39.6032
           IN  |   25.88209   3.029392     8.54   0.000     19.94459    31.81959
           KS  |   27.63723   3.043687     9.08   0.000     21.67171    33.60275
           KY  |   20.10947   3.028017     6.64   0.000     14.17466    26.04427
           LA  |   20.28169   3.033617     6.69   0.000     14.33591    26.22748
           MA  |    25.9513   3.025973     8.58   0.000      20.0205     31.8821
           MD  |   47.43977    3.04333    15.59   0.000     41.47495    53.40458
           ME  |   14.52137   3.040201     4.78   0.000     8.562682    20.48005
           MI  |   28.96882   3.026166     9.57   0.000     23.03764    34.89999
           MN  |   23.13522   3.028717     7.64   0.000     17.19904     29.0714
           MO  |   26.85559   3.030899     8.86   0.000     20.91513    32.79604
           MP  |   25.05846   5.700294     4.40   0.000     13.88608    36.23083
           MS  |   19.12067   3.032492     6.31   0.000     13.17709    25.06424
           MT  |   26.92642   3.064329     8.79   0.000     20.92045     32.9324
           NC  |   24.97445   3.026383     8.25   0.000     19.04284    30.90605
           ND  |   11.62074   3.055314     3.80   0.000     5.632437    17.60905
           NE  |   19.36953   3.038736     6.37   0.000     13.41372    25.32535
           NH  |   22.41497    3.04089     7.37   0.000     16.45493      28.375
           NJ  |   45.03954   3.028716    14.87   0.000     39.10337    50.97571
           NM  |   29.41937   3.050228     9.64   0.000     23.44104    35.39771
           NV  |    53.0354   3.064662    17.31   0.000     47.02877    59.04203
           NY  |    40.2027   3.025564    13.29   0.000     34.27271     46.1327
           OH  |   22.42986   3.026057     7.41   0.000     16.49889    28.36082
           OK  |   24.84388   3.035531     8.18   0.000     18.89435    30.79341
           OR  |   25.10554   3.038605     8.26   0.000     19.14998    31.06109
           PA  |    25.9464   3.024883     8.58   0.000     20.01774    31.87506
           PR  |   23.74636   3.047495     7.79   0.000     17.77338    29.71934
           RI  |   33.93284   3.050154    11.12   0.000     27.95465    39.91103
           SC  |   23.68622   3.029346     7.82   0.000     17.74881    29.62363
           SD  |   18.32522   3.053367     6.00   0.000     12.34073    24.30971
           TN  |   22.49109   3.030341     7.42   0.000     16.55173    28.43045
           TX  |   33.04485   3.025389    10.92   0.000     27.11519     38.9745
           UT  |    26.7266   3.045218     8.78   0.000     20.75809    32.69512
           VA  |   30.17649   3.029486     9.96   0.000     24.23881    36.11417
           VI  |   32.11428    3.58407     8.96   0.000     25.08963    39.13893
           VT  |    15.9457   3.062918     5.21   0.000     9.942488     21.9489
           WA  |   33.12269   3.029165    10.93   0.000     27.18563    39.05974
           WI  |   18.57588   3.027266     6.14   0.000     12.64255    24.50921
           WV  |   17.69638   3.036412     5.83   0.000     11.74512    23.64763
           WY  |   30.19323   3.087696     9.78   0.000     24.14145      36.245
               |
 provider_type |
All Other S..  |  -25.54073   6.214818    -4.11   0.000    -37.72155   -13.35991
Allergy/Imm~y  |  -11.71754   1.409672    -8.31   0.000    -14.48045   -8.954636
Ambulance S..  |   69.26004    11.0837     6.25   0.000     47.53638     90.9837
Anesthesiol..  |   20.96495   1.665108    12.59   0.000      17.7014     24.2285
Anesthesiol~y  |    39.3089   1.435299    27.39   0.000     36.49577    42.12204
Audiologis..)  |  -23.39104    1.44424   -16.20   0.000     -26.2217   -20.56038
         CRNA  |   44.63253   1.438432    31.03   0.000     41.81325     47.4518
Cardiac Ele..  |   70.63756   1.543598    45.76   0.000     67.61217    73.66296
Cardiac Sur..  |   331.6119   3.371684    98.35   0.000     325.0036    338.2203
   Cardiology  |    35.2608   1.434608    24.58   0.000     32.44902    38.07258
Certified C..  |  -1.846525   1.443865    -1.28   0.201    -4.676448    .9833993
Certified N..  |  -13.23628   1.595203    -8.30   0.000    -16.36282   -10.10974
 Chiropractic  |  -31.23247    1.65414   -18.88   0.000    -34.47452   -27.99041
Clinical La..  |  -36.29708   1.530753   -23.71   0.000     -39.2973   -33.29686
Clinical Ps..  |   19.14377   1.406791    13.61   0.000     16.38651    21.90103
Colorectal..)  |   87.44212   1.765401    49.53   0.000     83.98199    90.90224
Critical C..)  |   15.59256   1.463291    10.66   0.000     12.72456    18.46056
  Dermatology  |   74.21614   1.438583    51.59   0.000     71.39657    77.03571
Diagnostic ..  |  -35.43955   1.439116   -24.63   0.000    -38.26016   -32.61893
Emergency M..  |   7.009407   1.442578     4.86   0.000     4.182006    9.836808
Endocrinology  |   2.349397   1.410323     1.67   0.096    -.4147853    5.113579
Family Prac..  |  -13.44294   1.409569    -9.54   0.000    -16.20564   -10.68023
Gastroenter~y  |   60.19233   1.436954    41.89   0.000     57.37595    63.00871
General Pra..  |  -2.289937    1.45268    -1.58   0.115    -5.137137    .5572629
General Sur..  |   90.66588   1.490639    60.82   0.000     87.74428    93.58748
Geriatric M..  |   7.604257   1.419654     5.36   0.000     4.821786    10.38673
Geriatric P..  |   12.24907   1.699337     7.21   0.000     8.918432    15.57971
Gynecologic~y  |   82.98006   2.628847    31.57   0.000     77.82762    88.13251
 Hand Surgery  |    43.4889    1.59537    27.26   0.000     40.36203    46.61577
   Hematology  |   19.92142   2.176083     9.15   0.000     15.65637    24.18646
Hematology/~y  |   28.14397   1.495213    18.82   0.000     25.21341    31.07453
Hospice and..  |   13.12844   1.560697     8.41   0.000     10.06953    16.18735
Independent..  |    83.7545   4.909634    17.06   0.000      74.1318    93.37721
Infectious ..  |    9.52157   1.423618     6.69   0.000      6.73133    12.31181
Internal Me..  |  -2.560571   1.403945    -1.82   0.068    -5.312252    .1911113
Interventio..  |   37.32824   24.63979     1.51   0.130    -10.96486    85.62135
Interventio..  |   29.67734   1.531526    19.38   0.000      26.6756    32.67907
Interventio..  |   22.49059   2.033351    11.06   0.000     18.50529    26.47588
Licensed Cl..  |    2.90728   1.410708     2.06   0.039     .1423434    5.672216
Mass Immuni..  |  -40.42427   1.725723   -23.42   0.000    -43.80663   -37.04192
Maxillofaci..  |   41.63624   3.032721    13.73   0.000     35.69221    47.58026
Medical Onc..  |   28.84547   1.650352    17.48   0.000     25.61084     32.0801
Multispecia..  |   7.286645   3.195383     2.28   0.023     1.023808    13.54948
   Nephrology  |    50.6522   1.450694    34.92   0.000     47.80889     53.4955
    Neurology  |   42.51469    1.43257    29.68   0.000      39.7069    45.32247
Neuropsychi~y  |   35.14757   2.858548    12.30   0.000     29.54492    40.75022
 Neurosurgery  |   229.8912    1.87913   122.34   0.000     226.2082    233.5743
Nuclear Med..  |   14.51884   2.464146     5.89   0.000     9.689198    19.34847
Nurse Pract..  |  -11.75176     1.4093    -8.34   0.000    -14.51394   -8.989584
Obstetrics/~y  |   8.235914   1.439626     5.72   0.000     5.414298    11.05753
Occupationa..  |  -25.22564   1.432111   -17.61   0.000    -28.03253   -22.41876
Ophthalmology  |   119.6062   1.448554    82.57   0.000     116.7671    122.4453
    Optometry  |    20.9156   1.437761    14.55   0.000     18.09764    23.73356
Oral Surge..)  |   64.09937   3.501945    18.30   0.000     57.23569    70.96306
Orthopedic ..  |   101.3017   1.467258    69.04   0.000     98.42597    104.1775
Osteopathic..  |   11.89305   2.132381     5.58   0.000     7.713664    16.07244
Otolaryngol~y  |   50.68392   1.470338    34.47   0.000     47.80211    53.56573
Pain Manage..  |   20.38493   1.521503    13.40   0.000     17.40284    23.36702
    Pathology  |  -47.01751   1.435241   -32.76   0.000    -49.83053   -44.20449
Pediatric M..  |  -4.113908   1.508731    -2.73   0.006    -7.070966    -1.15685
Peripheral ..  |   116.4769   10.75685    10.83   0.000     95.39387    137.5599
Physical Me..  |   15.59935   1.406611    11.09   0.000     12.84245    18.35626
Physical Th..  |   -30.1793   1.474454   -20.47   0.000    -33.06918   -27.28942
Physician A..  |  -10.27301   1.421255    -7.23   0.000    -13.05862   -7.487402
Plastic and..  |    103.551   1.670897    61.97   0.000     100.2761    106.8259
     Podiatry  |   2.150938   1.401032     1.54   0.125    -.5950354    4.896911
Portable X-..  |   -30.9134   3.037064   -10.18   0.000    -36.86594   -24.96087
Preventive ..  |   3.853642   4.215076     0.91   0.361    -4.407756    12.11504
   Psychiatry  |   5.107011   1.396205     3.66   0.000       2.3705    7.843523
Psychologi..)  |   18.74373   1.743186    10.75   0.000     15.32715    22.16031
Pulmonary D..  |   7.587702    1.41441     5.36   0.000     4.815508    10.35989
Radiation O..  |   89.59177   1.553233    57.68   0.000     86.54749    92.63605
Registered ..  |  -34.13967   1.435436   -23.78   0.000    -36.95308   -31.32627
 Rheumatology  |  -5.351799   1.409418    -3.80   0.000    -8.114208    -2.58939
Sleep Medic..  |   52.76337   3.110173    16.96   0.000     46.66755     58.8592
Slide Prepa..  |   46.44076   19.32317     2.40   0.016     8.568052    84.31347
Speech Lang..  |   38.35761   1.742384    22.01   0.000      34.9426    41.77262
Sports Medi..  |   36.86317   2.191259    16.82   0.000     32.56838    41.15796
Surgical On..  |   113.9614   2.942338    38.73   0.000     108.1945    119.7283
Thoracic Su..  |   265.9418   2.833963    93.84   0.000     260.3873    271.4962
Unknown Phy..  |   15.12768   3.116853     4.85   0.000     9.018761     21.2366
Unknown Sup..  |   59.35148   5.365141    11.06   0.000       48.836    69.86696
      Urology  |   51.72323   1.461703    35.39   0.000     48.85835    54.58812
Vascular Su..  |   149.7846   2.331903    64.23   0.000     145.2141     154.355
               |
          year |
         2013  |   .9761502    .085122    11.47   0.000      .809314    1.142986
         2014  |   2.281808   .0873426    26.12   0.000     2.110619    2.452996
               |
         _cons |   69.98676   3.339371    20.96   0.000     63.44171    76.53181
--------------------------------------------------------------------------------
(est1 stored)

. 
. eststo: reg average_submitted_chrg_amt line_srvc_cnt bene_unique_cnt bene_day_s
> rvc_cnt i.place_of_service  i.nppes_entity_code i.nppes_provider_gender i.nppes
> _provider_state i.provider_type i.year, r
note: 1.nppes_entity_code omitted because of collinearity

Linear regression                               Number of obs     =   26555364
                                                F(149,26555214)   =   26506.55
                                                Prob > F          =     0.0000
                                                R-squared         =     0.1085
                                                Root MSE          =     716.99

--------------------------------------------------------------------------------
               |               Robust
average_subm~t |      Coef.   Std. Err.      t    P>|t|     [95% Conf. Interval]
---------------+----------------------------------------------------------------
 line_srvc_cnt |  -.0029429   .0004133    -7.12   0.000    -.0037531   -.0021328
bene_unique_~t |  -.2703205   .0158013   -17.11   0.000    -.3012905   -.2393505
bene_day_srv~t |   .0366841   .0125584     2.92   0.003     .0120702    .0612981
               |
place_of_ser~e |
            O  |  -238.7022   .4772236  -500.19   0.000    -239.6376   -237.7669
               |
nppes_entity~e |
            I  |          0  (omitted)
               |
nppes_provid~r |
            M  |   24.13469   .2960689    81.52   0.000     23.55441    24.71498
               |
nppes_provid~e |
           AE  |   111.3941   21.70304     5.13   0.000     68.85691    153.9313
           AK  |   303.1529   15.11112    20.06   0.000     273.5356    332.7701
           AL  |   88.00275   13.78927     6.38   0.000     60.97628    115.0292
           AP  |   174.1086   51.07829     3.41   0.001     73.99703    274.2203
           AR  |   82.37999   13.79564     5.97   0.000     55.34104    109.4189
           AS  |   245.1232   76.82167     3.19   0.001     94.55551    395.6909
           AZ  |   132.9202   13.79425     9.64   0.000      105.884    159.9564
           CA  |   165.9808   13.78107    12.04   0.000     138.9704    192.9912
           CO  |   106.6616   13.80282     7.73   0.000     79.60853    133.7146
           CT  |   149.7274   13.81848    10.84   0.000     122.6436    176.8111
           DC  |   129.6658   13.96807     9.28   0.000     102.2888    157.0427
           DE  |   152.1292   13.92318    10.93   0.000     124.8403    179.4181
           FL  |   162.2531   13.78096    11.77   0.000     135.2429    189.2632
           GA  |   148.6774   13.79623    10.78   0.000     121.6373    175.7175
           GU  |   87.09669   14.59144     5.97   0.000     58.49799    115.6954
           HI  |   91.26475   13.95231     6.54   0.000     63.91873    118.6108
           IA  |   101.4997   13.79689     7.36   0.000     74.45832    128.5411
           ID  |   59.62731   13.84844     4.31   0.000     32.48487    86.76975
           IL  |   175.4704   13.79229    12.72   0.000      148.438    202.5028
           IN  |   134.4513   13.80024     9.74   0.000     107.4033    161.4992
           KS  |   105.5377   13.81597     7.64   0.000      78.4589    132.6165
           KY  |   77.19001   13.78834     5.60   0.000     50.16535    104.2147
           LA  |   107.7712   13.81104     7.80   0.000     80.70209    134.8404
           MA  |   124.8375   13.78492     9.06   0.000     97.81953    151.8554
           MD  |   143.0662   13.80076    10.37   0.000     116.0172    170.1152
           ME  |   40.76475   13.81181     2.95   0.003      13.6941    67.83541
           MI  |   75.83306   13.77869     5.50   0.000     48.82732    102.8388
           MN  |   95.42054    13.7903     6.92   0.000     68.39204     122.449
           MO  |   109.9949   13.79708     7.97   0.000     82.95315    137.0367
           MP  |    125.209   35.95952     3.48   0.000     54.72965    195.6884
           MS  |   123.9975     13.814     8.98   0.000     96.92251    151.0724
           MT  |   64.40614   13.90021     4.63   0.000     37.16222    91.65005
           NC  |   139.8487   13.78542    10.14   0.000     112.8298    166.8676
           ND  |   37.30471   13.88092     2.69   0.007      10.0986    64.51081
           NE  |   92.73047   13.82279     6.71   0.000     65.63831    119.8226
           NH  |   142.2852   13.93766    10.21   0.000     114.9679    169.6025
           NJ  |   189.1846   13.81032    13.70   0.000     162.1169    216.2523
           NM  |   118.7658    13.8585     8.57   0.000     91.60358    145.9279
           NV  |   222.3957   13.91097    15.99   0.000     195.1307    249.6607
           NY  |   172.1833   13.78745    12.49   0.000     145.1604    199.2062
           OH  |    81.5536   13.78127     5.92   0.000      54.5428    108.5644
           OK  |   81.24013   13.79959     5.89   0.000     54.19343    108.2868
           OR  |   119.9029   13.80856     8.68   0.000     92.83866    146.9672
           PA  |   92.13927   13.77876     6.69   0.000      65.1334    119.1451
           PR  |   3.982363   13.87678     0.29   0.774    -23.21563    31.18036
           RI  |   109.1461   13.84833     7.88   0.000     82.00386    136.2883
           SC  |   139.8524   13.79946    10.13   0.000     112.8059    166.8988
           SD  |   50.26678    13.8696     3.62   0.000     23.08286     77.4507
           TN  |   121.7998   13.79033     8.83   0.000     94.77121    148.8283
           TX  |   169.2248   13.78404    12.28   0.000     142.2086     196.241
           UT  |   86.93166   13.82332     6.29   0.000     59.83844    114.0249
           VA  |   119.5015   13.79103     8.67   0.000     92.47161    146.5315
           VI  |   128.9759   17.35602     7.43   0.000     94.95872    162.9931
           VT  |    126.389   14.32305     8.82   0.000     98.31634    154.4617
           WA  |   116.1207   13.78604     8.42   0.000     89.10052    143.1408
           WI  |   268.4339   13.85497    19.37   0.000     241.2787    295.5892
           WV  |   71.77911   13.81047     5.20   0.000     44.71109    98.84714
           WY  |   143.2482   14.13669    10.13   0.000     115.5408    170.9557
               |
 provider_type |
All Other S..  |  -43.11773   12.89942    -3.34   0.001    -68.40012   -17.83533
Allergy/Imm~y  |   6.043874   5.488671     1.10   0.271    -4.713724    16.80147
Ambulance S..  |   6.800081   20.17609     0.34   0.736    -32.74433     46.3445
Anesthesiol..  |   502.7457   9.048802    55.56   0.000     485.0103     520.481
Anesthesiol~y  |   587.5972   5.666749   103.69   0.000     576.4906    598.7038
Audiologis..)  |   36.09047   5.633207     6.41   0.000     25.04958    47.13135
         CRNA  |   528.0331   5.701901    92.61   0.000     516.8576    539.2087
Cardiac Ele..  |   304.6278   6.136978    49.64   0.000     292.5995     316.656
Cardiac Sur..  |   1337.463    14.8791    89.89   0.000     1308.301    1366.626
   Cardiology  |   163.2267   5.596809    29.16   0.000     152.2571    174.1962
Certified C..  |   19.51854   5.958287     3.28   0.001     7.840509    31.19657
Certified N..  |   9.326104   5.896108     1.58   0.114    -2.230056    20.88226
 Chiropractic  |  -37.59289   6.318065    -5.95   0.000    -49.97607   -25.20971
Clinical La..  |   85.84272   5.946881    14.43   0.000     74.18704    97.49839
Clinical Ps..  |   14.47449   5.505414     2.63   0.009     3.684076     25.2649
Colorectal..)  |   313.5246   6.935272    45.21   0.000     299.9317    327.1175
Critical C..)  |   60.13699    5.76553    10.43   0.000     48.83676    71.43722
  Dermatology  |   184.3878   5.582471    33.03   0.000     173.4463    195.3292
Diagnostic ..  |  -30.91051   5.616045    -5.50   0.000    -41.91775   -19.90326
Emergency M..  |   157.5469   5.635573    27.96   0.000     146.5013    168.5924
Endocrinology  |   31.38126   5.506199     5.70   0.000     20.58931    42.17321
Family Prac..  |  -.2283662   5.517824    -0.04   0.967     -11.0431    10.58637
Gastroenter~y  |   293.8105   5.621008    52.27   0.000     282.7935    304.8275
General Pra..  |   38.96715   5.636395     6.91   0.000     27.92002    50.01428
General Sur..  |   358.3525   5.852291    61.23   0.000     346.8822    369.8228
Geriatric M..  |   -1.52111   5.527473    -0.28   0.783    -12.35476    9.312538
Geriatric P..  |  -21.22884   6.213832    -3.42   0.001    -33.40772   -9.049948
Gynecologic~y  |   338.9455   9.312434    36.40   0.000     320.6935    357.1975
 Hand Surgery  |   301.3648   6.734297    44.75   0.000     288.1658    314.5637
   Hematology  |   82.88019   6.907913    12.00   0.000     69.34093    96.41945
Hematology/~y  |    114.582   5.597599    20.47   0.000     103.6109    125.5531
Hospice and..  |  -20.49188   5.877867    -3.49   0.000    -32.01228   -8.971467
Independent..  |   264.8915   18.43377    14.37   0.000      228.762    301.0211
Infectious ..  |  -22.19925   5.510726    -4.03   0.000    -33.00008   -11.39843
Internal Me..  |    .174723   5.499749     0.03   0.975    -10.60459    10.95403
Interventio..  |   375.5302   265.1092     1.42   0.157    -144.0743    895.1346
Interventio..  |   290.5965   5.912805    49.15   0.000     279.0076    302.1853
Interventio..  |   285.2494   7.797779    36.58   0.000      269.966    300.5328
Licensed Cl..  |   18.90057   5.522901     3.42   0.001     8.075878    29.72525
Mass Immuni..  |  -45.99948   6.343052    -7.25   0.000    -58.43163   -33.56733
Maxillofaci..  |   143.3994   9.871315    14.53   0.000      124.052    162.7468
Medical Onc..  |   128.6754   5.861787    21.95   0.000     117.1866    140.1643
Multispecia..  |   79.20601   12.06613     6.56   0.000     55.55684    102.8552
   Nephrology  |   132.7749   5.599399    23.71   0.000     121.8003    143.7495
    Neurology  |    121.569   5.593634    21.73   0.000     110.6056    132.5323
Neuropsychi~y  |   83.48388    10.4754     7.97   0.000     62.95247    104.0153
 Neurosurgery  |   1282.434   9.412439   136.25   0.000     1263.986    1300.883
Nuclear Med..  |   130.4086   8.194052    15.92   0.000     114.3486    146.4687
Nurse Pract..  |   32.24923   5.522171     5.84   0.000     21.42597    43.07249
Obstetrics/~y  |   80.30489   5.621798    14.28   0.000     69.28637    91.32342
Occupationa..  |  -4.343927    5.58338    -0.78   0.437    -15.28715    6.599297
Ophthalmology  |   350.4129   5.613154    62.43   0.000     339.4113    361.4145
    Optometry  |   42.11986   5.607177     7.51   0.000     31.12999    53.10972
Oral Surge..)  |   176.3398   10.39726    16.96   0.000     155.9615     196.718
Orthopedic ..  |   549.4706   5.850877    93.91   0.000     538.0031    560.9382
Osteopathic..  |   91.86673   7.600775    12.09   0.000     76.96948     106.764
Otolaryngol~y  |   213.2575    5.77665    36.92   0.000     201.9354    224.5795
Pain Manage..  |   262.4253   5.918814    44.34   0.000     250.8246    274.0259
    Pathology  |  -94.27335   5.602594   -16.83   0.000    -105.2542   -83.29247
Pediatric M..  |   39.42874   5.888496     6.70   0.000      27.8875    50.96998
Peripheral ..  |   501.0174   32.48874    15.42   0.000     437.3406    564.6941
Physical Me..  |   108.8966   5.527126    19.70   0.000      98.0636    119.7295
Physical Th..  |  -12.96776   5.728273    -2.26   0.024    -24.19497   -1.740556
Physician A..  |   168.7121   5.641418    29.91   0.000     157.6551    179.7691
Plastic and..  |   379.3669   6.898713    54.99   0.000     365.8456    392.8881
     Podiatry  |   21.34626   5.488208     3.89   0.000     10.58956    32.10295
Portable X-..  |  -11.20091   9.388564    -1.19   0.233    -29.60216    7.200333
Preventive ..  |   61.90089   17.62802     3.51   0.000      27.3506    96.45119
   Psychiatry  |  -29.31173   5.473489    -5.36   0.000    -40.03957   -18.58389
Psychologi..)  |   19.21565   6.248361     3.08   0.002     6.969086    31.46221
Pulmonary D..  |   28.83891   5.533275     5.21   0.000     17.99388    39.68393
Radiation O..  |   433.8058   6.051989    71.68   0.000     421.9441    445.6675
Registered ..  |  -38.04802   5.642591    -6.74   0.000    -49.10729   -26.98874
 Rheumatology  |   38.92886   5.498201     7.08   0.000     28.15259    49.70514
Sleep Medic..  |   211.1008   12.82579    16.46   0.000     185.9628    236.2389
Slide Prepa..  |   181.7731   93.28683     1.95   0.051    -1.065767    364.6119
Speech Lang..  |   107.6668   6.102698    17.64   0.000     95.70574    119.6279
Sports Medi..  |    262.541   9.668985    27.15   0.000     243.5902    281.4919
Surgical On..  |   485.1996   12.09911    40.10   0.000     461.4858    508.9134
Thoracic Su..  |   1127.411   12.72071    88.63   0.000     1102.478    1152.343
Unknown Phy..  |   204.5121   35.83969     5.71   0.000     134.2676    274.7566
Unknown Sup..  |   228.8709   19.91814    11.49   0.000      189.832    267.9097
      Urology  |   266.5794   5.662569    47.08   0.000     255.4809    277.6778
Vascular Su..  |   626.9013    8.04105    77.96   0.000     611.1411    642.6615
               |
          year |
         2013  |   10.23062   .3318772    30.83   0.000     9.580151    10.88109
         2014  |   18.57899   .3415346    54.40   0.000     17.90959    19.24838
               |
         _cons |   161.8081   14.84834    10.90   0.000     132.7059    190.9103
--------------------------------------------------------------------------------
(est2 stored)

. 
. eststo: reg average_medicare_payment_amt line_srvc_cnt bene_unique_cnt bene_day
> _srvc_cnt i.place_of_service  i.nppes_entity_code i.nppes_provider_gender i.npp
> es_provider_state i.provider_type i.year, r
note: 1.nppes_entity_code omitted because of collinearity

Linear regression                               Number of obs     =   26555364
                                                F(149,26555214)   =   29732.33
                                                Prob > F          =     0.0000
                                                R-squared         =     0.0780
                                                Root MSE          =     143.16

--------------------------------------------------------------------------------
               |               Robust
average_~t_amt |      Coef.   Std. Err.      t    P>|t|     [95% Conf. Interval]
---------------+----------------------------------------------------------------
 line_srvc_cnt |  -.0010502   .0001466    -7.16   0.000    -.0013376   -.0007629
bene_unique_~t |  -.0535865   .0035797   -14.97   0.000    -.0606025   -.0465705
bene_day_srv~t |   .0069869   .0028721     2.43   0.015     .0013578    .0126161
               |
place_of_ser~e |
            O  |  -33.70389   .0911103  -369.92   0.000    -33.88247   -33.52532
               |
nppes_entity~e |
            I  |          0  (omitted)
               |
nppes_provid~r |
            M  |   4.378338   .0623712    70.20   0.000     4.256093    4.500584
               |
nppes_provid~e |
           AE  |   19.25325   3.434403     5.61   0.000     12.52194    25.98456
           AK  |   37.67545   2.418723    15.58   0.000     32.93484    42.41606
           AL  |   17.65028   2.313941     7.63   0.000     13.11504    22.18552
           AP  |   22.42735   4.225926     5.31   0.000     14.14468    30.71001
           AR  |   16.78307    2.31824     7.24   0.000      12.2394    21.32674
           AS  |   10.97875   5.814595     1.89   0.059    -.4176434    22.37515
           AZ  |   34.71484   2.318413    14.97   0.000     30.17084    39.25885
           CA  |   37.36042   2.312303    16.16   0.000     32.82839    41.89245
           CO  |   24.62837   2.317678    10.63   0.000      20.0858    29.17093
           CT  |   26.92097   2.317901    11.61   0.000     22.37797    31.46397
           DC  |   34.45588   2.364299    14.57   0.000     29.82194    39.08982
           DE  |   29.81834   2.341444    12.74   0.000      25.2292    34.40749
           FL  |   38.46025   2.312876    16.63   0.000      33.9271    42.99341
           GA  |   22.33282   2.313982     9.65   0.000      17.7975    26.86815
           GU  |   36.11198    2.99444    12.06   0.000     30.24299    41.98098
           HI  |   21.91729   2.367732     9.26   0.000     17.27662    26.55796
           IA  |   15.11313   2.315586     6.53   0.000     10.57466    19.65159
           ID  |   16.00841   2.328046     6.88   0.000     11.44553     20.5713
           IL  |   26.73253   2.312131    11.56   0.000     22.20084    31.26423
           IN  |   20.53184   2.314766     8.87   0.000     15.99499     25.0687
           KS  |   22.08953   2.326214     9.50   0.000     17.53024    26.64883
           KY  |   16.14257   2.313633     6.98   0.000     11.60794    20.67721
           LA  |   15.97093    2.31803     6.89   0.000     11.42768    20.51419
           MA  |   21.15203   2.312048     9.15   0.000      16.6205    25.68356
           MD  |   37.56052   2.325724    16.15   0.000     33.00219    42.11886
           ME  |   11.86654   2.323587     5.11   0.000     7.312389    16.42068
           MI  |   23.19302   2.312186    10.03   0.000     18.66121    27.72482
           MN  |   18.25548    2.31422     7.89   0.000     13.71969    22.79127
           MO  |   21.27433   2.315949     9.19   0.000     16.73515     25.8135
           MP  |    15.8976   4.384092     3.63   0.000     7.304937    24.49026
           MS  |    15.3699    2.31719     6.63   0.000     10.82829    19.91151
           MT  |   20.98201   2.343026     8.96   0.000     16.38976    25.57425
           NC  |   20.13786   2.312341     8.71   0.000     15.60576    24.66997
           ND  |    9.28462    2.33562     3.98   0.000     4.706888    13.86235
           NE  |   15.71258   2.322231     6.77   0.000     11.16109    20.26407
           NH  |   17.90047   2.324125     7.70   0.000     13.34527    22.45567
           NJ  |   36.13311   2.314248    15.61   0.000     31.59726    40.66895
           NM  |    22.7776   2.331597     9.77   0.000     18.20775    27.34744
           NV  |   40.97815   2.342052    17.50   0.000     36.38781    45.56849
           NY  |   32.43081   2.311733    14.03   0.000     27.89989    36.96172
           OH  |    17.6734   2.312078     7.64   0.000     13.14181    22.20499
           OK  |   19.41106   2.319706     8.37   0.000     14.86452     23.9576
           OR  |   19.63302   2.322194     8.45   0.000      15.0816    24.18443
           PA  |   20.71977   2.311151     8.97   0.000        16.19    25.24955
           PR  |   17.43562    2.32919     7.49   0.000     12.87049    22.00075
           RI  |   27.01513   2.331557    11.59   0.000     22.44536     31.5849
           SC  |   18.98257   2.314688     8.20   0.000     14.44587    23.51928
           SD  |   14.84195   2.334187     6.36   0.000     10.26703    19.41688
           TN  |   18.09975   2.315412     7.82   0.000     13.56163    22.63788
           TX  |   26.27292   2.311543    11.37   0.000     21.74238    30.80346
           UT  |   20.63669   2.327194     8.87   0.000     16.07547    25.19791
           VA  |   23.90279   2.314782    10.33   0.000      19.3659    28.43968
           VI  |   22.21186   2.748393     8.08   0.000     16.82511    27.59861
           VT  |   12.48583   2.342087     5.33   0.000      7.89542    17.07623
           WA  |   25.92015   2.314564    11.20   0.000     21.38369    30.45662
           WI  |   14.97482   2.313078     6.47   0.000     10.44127    19.50836
           WV  |    13.7581   2.320335     5.93   0.000      9.21033    18.30588
           WY  |   23.60532    2.36186     9.99   0.000     18.97616    28.23448
               |
 provider_type |
All Other S..  |  -9.773324   5.957886    -1.64   0.101    -21.45057    1.903918
Allergy/Imm~y  |  -7.883749   1.057141    -7.46   0.000    -9.955707   -5.811791
Ambulance S..  |   57.40153   8.682893     6.61   0.000     40.38337    74.41969
Anesthesiol..  |    19.1393   1.270251    15.07   0.000     16.64966    21.62895
Anesthesiol~y  |   32.85266   1.081224    30.38   0.000      30.7335    34.97182
Audiologis..)  |  -16.26552   1.089155   -14.93   0.000    -18.40022   -14.13081
         CRNA  |   36.93073    1.08392    34.07   0.000     34.80629    39.05518
Cardiac Ele..  |   56.78596    1.16909    48.57   0.000     54.49458    59.07733
Cardiac Sur..  |   262.3712   2.631827    99.69   0.000      257.213    267.5295
   Cardiology  |   29.01983   1.080175    26.87   0.000     26.90272    31.13693
Certified C..  |  -3.039312   1.084703    -2.80   0.005    -5.165291   -.9133328
Certified N..  |   -5.83302   1.200271    -4.86   0.000    -8.185507   -3.480532
 Chiropractic  |  -22.90138    1.27112   -18.02   0.000    -25.39274   -20.41003
Clinical La..  |  -20.64968   1.165551   -17.72   0.000    -22.93412   -18.36524
Clinical Ps..  |   11.40202   1.056522    10.79   0.000     9.331273    13.47276
Colorectal..)  |   70.54573   1.351746    52.19   0.000     67.89635     73.1951
Critical C..)  |   14.43018   1.102634    13.09   0.000     12.26905     16.5913
  Dermatology  |   58.35289   1.083769    53.84   0.000     56.22875    60.47704
Diagnostic ..  |  -25.95544   1.084966   -23.92   0.000    -28.08193   -23.82895
Emergency M..  |    6.20651   1.087853     5.71   0.000     4.074357    8.338664
Endocrinology  |   3.802957   1.058587     3.59   0.000     1.728164     5.87775
Family Prac..  |  -7.782657   1.059225    -7.35   0.000    -9.858701   -5.706614
Gastroenter~y  |   50.27097   1.083078    46.41   0.000     48.14817    52.39376
General Pra..  |  -.1315614   1.094118    -0.12   0.904    -2.275994    2.012871
General Sur..  |   72.20641   1.126242    64.11   0.000     69.99901     74.4138
Geriatric M..  |   7.236125   1.066309     6.79   0.000     5.146198    9.326052
Geriatric P..  |   7.185833   1.289685     5.57   0.000     4.658096    9.713571
Gynecologic~y  |   66.89962   2.035294    32.87   0.000     62.91052    70.88873
 Hand Surgery  |   34.80112   1.209604    28.77   0.000     32.43034     37.1719
   Hematology  |   18.05558   1.675409    10.78   0.000     14.77184    21.33932
Hematology/~y  |   25.05969   1.127152    22.23   0.000     22.85052    27.26887
Hospice and..  |    12.4632    1.18118    10.55   0.000     10.14813    14.77827
Independent..  |   67.31329   3.858487    17.45   0.000     59.75079    74.87578
Infectious ..  |   9.393545   1.069395     8.78   0.000     7.297568    11.48952
Internal Me..  |   .9561979   1.054289     0.91   0.364    -1.110171    3.022567
Interventio..  |   28.58152   19.12762     1.49   0.135     -8.90793    66.07097
Interventio..  |   24.93386   1.158383    21.52   0.000     22.66347    27.20425
Interventio..  |   19.60461   1.563213    12.54   0.000     16.54077    22.66845
Licensed Cl..  |  -2.417097   1.060186    -2.28   0.023    -4.495022   -.3391715
Mass Immuni..  |  -23.85391   1.383549   -17.24   0.000    -26.56562    -21.1422
Maxillofaci..  |   32.33592   2.364962    13.67   0.000     27.70068    36.97116
Medical Onc..  |   25.59299   1.252149    20.44   0.000     23.13882    28.04716
Multispecia..  |   8.582813   2.481375     3.46   0.001     3.719407    13.44622
   Nephrology  |   41.51627   1.091484    38.04   0.000       39.377    43.65554
    Neurology  |   33.49984   1.078542    31.06   0.000     31.38594    35.61374
Neuropsychi~y  |   26.38141     2.2003    11.99   0.000      22.0689    30.69392
 Neurosurgery  |   180.8279   1.439456   125.62   0.000     178.0066    183.6492
Nuclear Med..  |   13.26401   1.901537     6.98   0.000     9.537067    16.99096
Nurse Pract..  |  -7.706881   1.058813    -7.28   0.000    -9.782117   -5.631646
Obstetrics/~y  |   9.806317   1.084848     9.04   0.000     7.680054    11.93258
Occupationa..  |  -16.73642   1.078328   -15.52   0.000     -18.8499   -14.62294
Ophthalmology  |   92.71136   1.091356    84.95   0.000     90.57234    94.85038
    Optometry  |    12.6259   1.083599    11.65   0.000     10.50209    14.74972
Oral Surge..)  |   50.38214   2.735102    18.42   0.000     45.02144    55.74284
Orthopedic ..  |   80.29546   1.107148    72.52   0.000     78.12549    82.46543
Osteopathic..  |   10.94432   1.630681     6.71   0.000     7.748248     14.1404
Otolaryngol~y  |   39.64265    1.10952    35.73   0.000     37.46803    41.81727
Pain Manage..  |   17.72897   1.150144    15.41   0.000     15.47473    19.98321
    Pathology  |  -33.94016   1.081608   -31.38   0.000    -36.06008   -31.82025
Pediatric M..  |  -1.555112   1.141215    -1.36   0.173    -3.791853    .6816289
Peripheral ..  |   92.75861   8.403684    11.04   0.000     76.28769    109.2295
Physical Me..  |   13.68375   1.055804    12.96   0.000     11.61441    15.75308
Physical Th..  |   -20.6801    1.11586   -18.53   0.000    -22.86715   -18.49306
Physician A..  |  -6.700606   1.069346    -6.27   0.000    -8.796486   -4.604726
Plastic and..  |   81.88792   1.273316    64.31   0.000     79.39227    84.38358
     Podiatry  |   2.418756    1.05155     2.30   0.021     .3577554    4.479757
Portable X-..  |  -21.04707   2.366732    -8.89   0.000    -25.68578   -16.40836
Preventive ..  |   4.549229   3.304742     1.38   0.169    -1.927947     11.0264
   Psychiatry  |   .5583498   1.047201     0.53   0.594    -1.494126    2.610826
Psychologi..)  |   10.87399   1.352521     8.04   0.000     8.223095    13.52488
Pulmonary D..  |   8.033555   1.063009     7.56   0.000     5.950097    10.11701
Radiation O..  |   72.81864   1.175754    61.93   0.000     70.51421    75.12308
Registered ..  |  -18.88937   1.080342   -17.48   0.000     -21.0068   -16.77193
 Rheumatology  |  -1.920878   1.057889    -1.82   0.069    -3.994303    .1525478
Sleep Medic..  |   41.10377   2.400366    17.12   0.000     36.39914     45.8084
Slide Prepa..  |   41.31551   15.34957     2.69   0.007      11.2309    71.40012
Speech Lang..  |   32.50428   1.320313    24.62   0.000     29.91652    35.09205
Sports Medi..  |   29.49526   1.682052    17.54   0.000      26.1985    32.79202
Surgical On..  |   90.30655   2.289894    39.44   0.000     85.81844    94.79466
Thoracic Su..  |   210.5367   2.203317    95.55   0.000     206.2183    214.8551
Unknown Phy..  |   13.15731   2.418092     5.44   0.000      8.41794    17.89669
Unknown Sup..  |   46.66361   4.206239    11.09   0.000     38.41953    54.90768
      Urology  |   41.70653   1.101794    37.85   0.000     39.54705      43.866
Vascular Su..  |   118.5894   1.798325    65.94   0.000     115.0648    122.1141
               |
          year |
         2013  |  -.4615467   .0668556    -6.90   0.000    -.5925813    -.330512
         2014  |   .4278276   .0684908     6.25   0.000      .293588    .5620672
               |
         _cons |   52.69546   2.544276    20.71   0.000     47.70877    57.68215
--------------------------------------------------------------------------------
(est3 stored)

. 
. estwide using RichardOuyang_PUF1.tex, se nocons star label title("Average Medic
> are Payment Amount over Time, by Procedure Type per Provider\label{table:PUF1}"
> ) booktabs replace keep(*.year) b(a3) nonotes
(output written to RichardOuyang_PUF1.tex)

. * addnote("NOTE -- Table reports regression coefficients with standard errors i
> n parentheses. The dependent variable in each regression is one of several meas
> ures of Medicare payment amounts. The years are 2012-14. Data is taken from the
>  CMS Provider Utilization and Payment Data Physician and Other Supplier Public 
> Use File." "Standard errors in parentheses. " "\sym{*} \(p<0.05\), \sym{**} \(p
> <0.01\), \sym{***} \(p<0.001\)" ) 

. 
. ***** END PUF *****

. 
. log close
      name:  <unnamed>
       log:  /Users/richard/Desktop/ec970/RichardOuyang_project.log
  log type:  text
 closed on:  25 Mar 2017, 16:29:09
---------------------------------------------------------------------------------
